  main.cpp
C:\Users\subha\source\repos\MAYDAY game\MAYDAY game\main.cpp(36,34): warning C4244: 'argument': conversion from 'double' to 'Uint32', possible loss of data
C:\Users\subha\source\repos\MAYDAY game\MAYDAY game\main.cpp(75,10): warning C4244: 'initializing': conversion from 'double' to 'float', possible loss of data
C:\Users\subha\source\repos\MAYDAY game\MAYDAY game\main.cpp(77,19): warning C4244: 'initializing': conversion from 'float' to '__int64', possible loss of data
C:\Users\subha\source\repos\MAYDAY game\MAYDAY game\main.cpp(80,19): warning C4244: 'initializing': conversion from 'float' to '__int64', possible loss of data
C:\Users\subha\source\repos\MAYDAY game\MAYDAY game\main.cpp(81,41): warning C4244: 'argument': conversion from '__int64' to 'int', possible loss of data
C:\Users\subha\source\repos\MAYDAY game\MAYDAY game\main.cpp(81,37): warning C4244: 'argument': conversion from '__int64' to 'int', possible loss of data
C:\Users\subha\source\repos\MAYDAY game\MAYDAY game\main.cpp(81,33): warning C4244: 'argument': conversion from '__int64' to 'int', possible loss of data
C:\Users\subha\source\repos\MAYDAY game\MAYDAY game\main.cpp(81,29): warning C4244: 'argument': conversion from '__int64' to 'int', possible loss of data
C:\Users\subha\source\repos\MAYDAY game\MAYDAY game\main.cpp(82,41): warning C4244: 'argument': conversion from '__int64' to 'int', possible loss of data
C:\Users\subha\source\repos\MAYDAY game\MAYDAY game\main.cpp(82,37): warning C4244: 'argument': conversion from '__int64' to 'int', possible loss of data
C:\Users\subha\source\repos\MAYDAY game\MAYDAY game\main.cpp(82,33): warning C4244: 'argument': conversion from '__int64' to 'int', possible loss of data
C:\Users\subha\source\repos\MAYDAY game\MAYDAY game\main.cpp(82,29): warning C4244: 'argument': conversion from '__int64' to 'int', possible loss of data
C:\Users\subha\source\repos\MAYDAY game\MAYDAY game\main.cpp(111,21): warning C4244: 'initializing': conversion from 'double' to '__int64', possible loss of data
C:\Users\subha\source\repos\MAYDAY game\MAYDAY game\main.cpp(123,22): warning C4244: 'initializing': conversion from 'double' to '__int64', possible loss of data
C:\Users\subha\source\repos\MAYDAY game\MAYDAY game\main.cpp(124,23): warning C4244: 'initializing': conversion from 'double' to '__int64', possible loss of data
C:\Users\subha\source\repos\MAYDAY game\MAYDAY game\main.cpp(125,23): warning C4244: 'initializing': conversion from 'double' to '__int64', possible loss of data
C:\Users\subha\source\repos\MAYDAY game\MAYDAY game\main.cpp(126,23): warning C4244: 'initializing': conversion from 'double' to '__int64', possible loss of data
C:\Users\subha\source\repos\MAYDAY game\MAYDAY game\main.cpp(127,23): warning C4244: 'initializing': conversion from 'double' to '__int64', possible loss of data
C:\Users\subha\source\repos\MAYDAY game\MAYDAY game\main.cpp(128,23): warning C4244: 'initializing': conversion from 'double' to '__int64', possible loss of data
C:\Users\subha\source\repos\MAYDAY game\MAYDAY game\main.cpp(131,20): warning C4244: 'initializing': conversion from 'double' to '__int64', possible loss of data
C:\Users\subha\source\repos\MAYDAY game\MAYDAY game\main.cpp(132,20): warning C4244: 'initializing': conversion from 'double' to '__int64', possible loss of data
C:\Users\subha\source\repos\MAYDAY game\MAYDAY game\main.cpp(144,48): warning C4244: '=': conversion from 'double' to '_Ty1', possible loss of data
C:\Users\subha\source\repos\MAYDAY game\MAYDAY game\main.cpp(144,48): warning C4244:         with
C:\Users\subha\source\repos\MAYDAY game\MAYDAY game\main.cpp(144,48): warning C4244:         [
C:\Users\subha\source\repos\MAYDAY game\MAYDAY game\main.cpp(144,48): warning C4244:             _Ty1=__int64
C:\Users\subha\source\repos\MAYDAY game\MAYDAY game\main.cpp(144,48): warning C4244:         ]
C:\Users\subha\source\repos\MAYDAY game\MAYDAY game\main.cpp(204,12): warning C4244: 'argument': conversion from 'time_t' to 'unsigned int', possible loss of data
C:\Users\subha\source\repos\MAYDAY game\MAYDAY game\main.cpp(440,28): warning C4101: 'cond2': unreferenced local variable
C:\Users\subha\source\repos\MAYDAY game\MAYDAY game\main.cpp(613,11): warning C4244: '=': conversion from '__int64' to 'int', possible loss of data
C:\Users\subha\source\repos\MAYDAY game\MAYDAY game\main.cpp(625,42): warning C4244: '-=': conversion from 'double' to 'int', possible loss of data
C:\Users\subha\source\repos\MAYDAY game\MAYDAY game\main.cpp(628,42): warning C4244: '+=': conversion from 'double' to 'int', possible loss of data
C:\Users\subha\source\repos\MAYDAY game\MAYDAY game\main.cpp(655,15): warning C4477: 'sprintf' : format string '%ld' requires an argument of type 'long', but variadic argument 1 has type '__int64'
      C:\Users\subha\source\repos\MAYDAY game\MAYDAY game\main.cpp(655,15):
      consider using '%lld' in the format string
      C:\Users\subha\source\repos\MAYDAY game\MAYDAY game\main.cpp(655,15):
      consider using '%Id' in the format string
      C:\Users\subha\source\repos\MAYDAY game\MAYDAY game\main.cpp(655,15):
      consider using '%I64d' in the format string
  
C:\Users\subha\source\repos\MAYDAY game\MAYDAY game\main.cpp(673,34): warning C4244: 'argument': conversion from '_Ty1' to 'int', possible loss of data
C:\Users\subha\source\repos\MAYDAY game\MAYDAY game\main.cpp(673,34): warning C4244:         with
C:\Users\subha\source\repos\MAYDAY game\MAYDAY game\main.cpp(673,34): warning C4244:         [
C:\Users\subha\source\repos\MAYDAY game\MAYDAY game\main.cpp(673,34): warning C4244:             _Ty1=__int64
C:\Users\subha\source\repos\MAYDAY game\MAYDAY game\main.cpp(673,34): warning C4244:         ]
  Generating code
  0 of 670 functions ( 0.0%) were compiled, the rest were copied from previous compilation.
    0 functions were new in current compilation
    0 functions had inline decision re-evaluated but remain unchanged
  Finished generating code
  MAYDAY game.vcxproj -> C:\Users\subha\source\repos\MAYDAY game\x64\Release\MAYDAY game.exe
